<?xml version="1.0" encoding="UTF-8"?>
<testsuite xmlns:xsi="http://www.w3.org/2001/XMLSchema-instance" xsi:noNamespaceSchemaLocation="https://maven.apache.org/surefire/maven-surefire-plugin/xsd/surefire-test-report.xsd" name="automatizado.teste.LoginTest" time="6.456" tests="7" errors="0" skipped="0" failures="0">
  <properties>
[...]
</properties>
  <testcase name="TC001_naoDeveLogarNoSistemaComEmailESenhaVazios" classname="automatizado.teste.LoginTest" time="0.422"/>
  <testcase name="TC002_naoDeveLogarNoSistemaComEmailIncorretoESenhaVazia" classname="automatizado.teste.LoginTest" time="0.343"/>
  <testcase name="TC003_naoDeveLogarNoSistemaComEmailVazioESenhaIncorreta" classname="automatizado.teste.LoginTest" time="0.421"/>
  <testcase name="TC004_naoDeveLogarNoSistemaComEmailESenhaIncorretas" classname="automatizado.teste.LoginTest" time="0.538"/>
  <testcase name="TC005_naoDeveLogarNoSistemaComEmailCorretoESenhaIncorreta" classname="automatizado.teste.LoginTest" time="0.469"/>
  <testcase name="TC006_naoDeveLogarNoSistemaComEmailIncorretoESenhaCorreta" classname="automatizado.teste.LoginTest" time="0.503"/>
  <testcase name="TC007_deveLogarNoSistemaComEmailESenhaCorretos" classname="automatizado.teste.LoginTest" time="0.434"/>
</testsuite>